  AutisticCmath.cpp
  isCollidingFuns.cpp
  main.cpp
  MainLoop.cpp
C:\Users\lele\Documents\Visual Studio 2015\Projects\ENTITY\entityx-1.1.2\entityx/Entity.h(582): warning C4291: 'void *operator new(std::size_t,void *) throw()': no matching operator delete found; memory will not be freed if initialization throws an exception
  C:\Program Files (x86)\Microsoft Visual Studio 14.0\VC\include\vcruntime_new.h(86): note: see declaration of 'operator new'
  C:\Users\lele\Documents\Visual Studio 2015\Projects\ENTITY\entityx-1.1.2\entityx/Entity.h(866): note: see reference to function template instantiation 'entityx::ComponentHandle<Derived,entityx::EntityManager> entityx::EntityManager::assign<C,sf::Vector2f&>(entityx::Entity::Id,sf::Vector2f &)' being compiled
          with
          [
              Derived=Position,
              C=Position
          ]
  MainLoop.cpp(96): note: see reference to function template instantiation 'entityx::ComponentHandle<Derived,entityx::EntityManager> entityx::Entity::assign<Position,sf::Vector2f&>(sf::Vector2f &)' being compiled
          with
          [
              Derived=Position
          ]
C:\Users\lele\Documents\Visual Studio 2015\Projects\ENTITY\entityx-1.1.2\entityx/Entity.h(582): warning C4244: 'argument': conversion from 'int' to 'float', possible loss of data
  C:\Users\lele\Documents\Visual Studio 2015\Projects\ENTITY\entityx-1.1.2\entityx/Entity.h(866): note: see reference to function template instantiation 'entityx::ComponentHandle<Derived,entityx::EntityManager> entityx::EntityManager::assign<C,_Ty>(entityx::Entity::Id,_Ty &&)' being compiled
          with
          [
              Derived=Rotation,
              C=Rotation,
              _Ty=int
          ]
  MainLoop.cpp(97): note: see reference to function template instantiation 'entityx::ComponentHandle<Derived,entityx::EntityManager> entityx::Entity::assign<Rotation,int>(int &&)' being compiled
          with
          [
              Derived=Rotation
          ]
  CollisionSystem.cpp
C:\Users\lele\Documents\Visual Studio 2015\Projects\ENTITY\entityx-1.1.2\entityx/Entity.h(478): warning C4267: 'argument': conversion from 'size_t' to 'entityx::uint32_t', possible loss of data
  C:\Users\lele\Documents\Visual Studio 2015\Projects\ENTITY\entityx-1.1.2\entityx/Entity.h(478): note: while compiling class template member function 'entityx::EntityManager::UnpackingView<Derived>::Iterator entityx::EntityManager::UnpackingView<Derived>::end(void)'
          with
          [
              Derived=Position
          ]
  systems\CollisionSystem.cpp(50): note: see reference to function template instantiation 'entityx::EntityManager::UnpackingView<Derived>::Iterator entityx::EntityManager::UnpackingView<Derived>::end(void)' being compiled
          with
          [
              Derived=Position
          ]
  systems\CollisionSystem.cpp(50): note: see reference to class template instantiation 'entityx::EntityManager::UnpackingView<Derived>' being compiled
          with
          [
              Derived=Position
          ]
  ForcesSystem.cpp
C:\Users\lele\Documents\Visual Studio 2015\Projects\ENTITY\entityx-1.1.2\entityx/Entity.h(478): warning C4267: 'argument': conversion from 'size_t' to 'entityx::uint32_t', possible loss of data
  C:\Users\lele\Documents\Visual Studio 2015\Projects\ENTITY\entityx-1.1.2\entityx/Entity.h(478): note: while compiling class template member function 'entityx::EntityManager::UnpackingView<Derived,AngularVelocity,LinearForce,AngularForce>::Iterator entityx::EntityManager::UnpackingView<Derived,AngularVelocity,LinearForce,AngularForce>::end(void)'
          with
          [
              Derived=LinearVelocity
          ]
  systems\ForcesSystem.cpp(22): note: see reference to function template instantiation 'entityx::EntityManager::UnpackingView<Derived,AngularVelocity,LinearForce,AngularForce>::Iterator entityx::EntityManager::UnpackingView<Derived,AngularVelocity,LinearForce,AngularForce>::end(void)' being compiled
          with
          [
              Derived=LinearVelocity
          ]
  systems\ForcesSystem.cpp(22): note: see reference to class template instantiation 'entityx::EntityManager::UnpackingView<Derived,AngularVelocity,LinearForce,AngularForce>' being compiled
          with
          [
              Derived=LinearVelocity
          ]
  MouseDragSystem.cpp
C:\Users\lele\Documents\Visual Studio 2015\Projects\ENTITY\entityx-1.1.2\entityx/Entity.h(478): warning C4267: 'argument': conversion from 'size_t' to 'entityx::uint32_t', possible loss of data
  C:\Users\lele\Documents\Visual Studio 2015\Projects\ENTITY\entityx-1.1.2\entityx/Entity.h(478): note: while compiling class template member function 'entityx::EntityManager::UnpackingView<Derived,Circle,Transform,LinearVelocity,AngularVelocity,Rotation>::Iterator entityx::EntityManager::UnpackingView<Derived,Circle,Transform,LinearVelocity,AngularVelocity,Rotation>::end(void)'
          with
          [
              Derived=Position
          ]
  systems\MouseDragSystem.cpp(35): note: see reference to function template instantiation 'entityx::EntityManager::UnpackingView<Derived,Circle,Transform,LinearVelocity,AngularVelocity,Rotation>::Iterator entityx::EntityManager::UnpackingView<Derived,Circle,Transform,LinearVelocity,AngularVelocity,Rotation>::end(void)' being compiled
          with
          [
              Derived=Position
          ]
  systems\MouseDragSystem.cpp(35): note: see reference to class template instantiation 'entityx::EntityManager::UnpackingView<Derived,Circle,Transform,LinearVelocity,AngularVelocity,Rotation>' being compiled
          with
          [
              Derived=Position
          ]
C:\Users\lele\Documents\Visual Studio 2015\Projects\ENTITY\entityx-1.1.2\entityx/Entity.h(582): warning C4291: 'void *operator new(std::size_t,void *) throw()': no matching operator delete found; memory will not be freed if initialization throws an exception
  C:\Program Files (x86)\Microsoft Visual Studio 14.0\VC\include\vcruntime_new.h(86): note: see declaration of 'operator new'
  C:\Users\lele\Documents\Visual Studio 2015\Projects\ENTITY\entityx-1.1.2\entityx/Entity.h(866): note: see reference to function template instantiation 'entityx::ComponentHandle<Derived,entityx::EntityManager> entityx::EntityManager::assign<C,_Ty,_Ty,const sf::Color&>(entityx::Entity::Id,_Ty &&,_Ty &&,const sf::Color &)' being compiled
          with
          [
              Derived=Line,
              C=Line,
              _Ty=sf::Vector2<float>
          ]
  systems\MouseDragSystem.cpp(43): note: see reference to function template instantiation 'entityx::ComponentHandle<Derived,entityx::EntityManager> entityx::Entity::assign<Line,sf::Vector2<float>,sf::Vector2<float>,const sf::Color&>(sf::Vector2<float> &&,sf::Vector2<float> &&,const sf::Color &)' being compiled
          with
          [
              Derived=Line
          ]
  MovementSystem.cpp
C:\Users\lele\Documents\Visual Studio 2015\Projects\ENTITY\entityx-1.1.2\entityx/Entity.h(478): warning C4267: 'argument': conversion from 'size_t' to 'entityx::uint32_t', possible loss of data
  C:\Users\lele\Documents\Visual Studio 2015\Projects\ENTITY\entityx-1.1.2\entityx/Entity.h(478): note: while compiling class template member function 'entityx::EntityManager::UnpackingView<Derived,Rotation,LinearVelocity,AngularVelocity,Transform>::Iterator entityx::EntityManager::UnpackingView<Derived,Rotation,LinearVelocity,AngularVelocity,Transform>::end(void)'
          with
          [
              Derived=Position
          ]
  systems\MovementSystem.cpp(22): note: see reference to function template instantiation 'entityx::EntityManager::UnpackingView<Derived,Rotation,LinearVelocity,AngularVelocity,Transform>::Iterator entityx::EntityManager::UnpackingView<Derived,Rotation,LinearVelocity,AngularVelocity,Transform>::end(void)' being compiled
          with
          [
              Derived=Position
          ]
  systems\MovementSystem.cpp(22): note: see reference to class template instantiation 'entityx::EntityManager::UnpackingView<Derived,Rotation,LinearVelocity,AngularVelocity,Transform>' being compiled
          with
          [
              Derived=Position
          ]
  RenderSystem.cpp
C:\Users\lele\Documents\Visual Studio 2015\Projects\ENTITY\entityx-1.1.2\entityx/Entity.h(478): warning C4267: 'argument': conversion from 'size_t' to 'entityx::uint32_t', possible loss of data
  C:\Users\lele\Documents\Visual Studio 2015\Projects\ENTITY\entityx-1.1.2\entityx/Entity.h(478): note: while compiling class template member function 'entityx::EntityManager::UnpackingView<Derived>::Iterator entityx::EntityManager::UnpackingView<Derived>::end(void)'
          with
          [
              Derived=Line
          ]
  systems\RenderSystem.cpp(35): note: see reference to function template instantiation 'entityx::EntityManager::UnpackingView<Derived>::Iterator entityx::EntityManager::UnpackingView<Derived>::end(void)' being compiled
          with
          [
              Derived=Line
          ]
  systems\RenderSystem.cpp(35): note: see reference to class template instantiation 'entityx::EntityManager::UnpackingView<Derived>' being compiled
          with
          [
              Derived=Line
          ]
  Generating code
  23 of 2031 functions ( 1.1%) were compiled, the rest were copied from previous compilation.
    0 functions were new in current compilation
    13 functions had inline decision re-evaluated but remain unchanged
  Finished generating code
  2D_Phisics.vcxproj -> C:\Users\lele\documents\visual studio 2015\Projects\2d_Phisics\x64\Release\2D_Phisics.exe
  2D_Phisics.vcxproj -> C:\Users\lele\documents\visual studio 2015\Projects\2d_Phisics\x64\Release\2D_Phisics.pdb (Full PDB)
